# JRE version: Java(TM) SE Runtime Environment (8.0_40-b26) (build 1.8.0_40-b26)
# Java VM: Java HotSpot(TM) 64-Bit Server VM (25.40-b25 mixed mode windows-amd64 compressed oops)
Heap:
 PSYoungGen      total 739328K, used 463154K [0x00000006c0000000, 0x00000006fa980000, 0x00000007c0000000)
  eden space 528384K, 61% used [0x00000006c0000000,0x00000006d3b04778,0x00000006e0400000)
  from space 210944K, 66% used [0x00000006e0400000,0x00000006e8d480d8,0x00000006ed200000)
  to   space 207360K, 0% used [0x00000006ed200000,0x00000006ed200000,0x00000006f9c80000)
 ParOldGen       total 1049088K, used 682054K [0x00000004c0000000, 0x0000000500080000, 0x00000006c0000000)
  object space 1049088K, 65% used [0x00000004c0000000,0x00000004e9a11bc8,0x0000000500080000)
 Metaspace       used 12662K, capacity 13194K, committed 13440K, reserved 1060864K
  class space    used 1596K, capacity 1888K, committed 1920K, reserved 1048576K
GC Heap History (10 events):
Event: 12.596 GC heap before
{Heap before GC invocations=11 (full 3):
 PSYoungGen      total 389632K, used 203440K [0x00000006c0000000, 0x00000006eb000000, 0x00000007c0000000)
  eden space 227328K, 89% used [0x00000006c0000000,0x00000006cc6ac1c8,0x00000006cde00000)
  from space 162304K, 0% used [0x00000006cde00000,0x00000006cde00000,0x00000006d7c80000)
  to   space 172032K, 0% used [0x00000006e0800000,0x00000006e0800000,0x00000006eb000000)
 ParOldGen       total 1049088K, used 615393K [0x00000004c0000000, 0x0000000500080000, 0x00000006c0000000)
  object space 1049088K, 58% used [0x00000004c0000000,0x00000004e58f87f8,0x0000000500080000)
 Metaspace       used 12615K, capacity 13194K, committed 13440K, reserved 1060864K
  class space    used 1593K, capacity 1888K, committed 1920K, reserved 1048576K
Event: 12.700 GC heap after
Heap after GC invocations=11 (full 3):
 PSYoungGen      total 500736K, used 136382K [0x00000006c0000000, 0x00000006ead00000, 0x00000007c0000000)
  eden space 331776K, 0% used [0x00000006c0000000,0x00000006c0000000,0x00000006d4400000)
  from space 168960K, 80% used [0x00000006e0800000,0x00000006e8d2f8d0,0x00000006ead00000)
  to   space 184832K, 0% used [0x00000006d4400000,0x00000006d4400000,0x00000006df880000)
 ParOldGen       total 1049088K, used 615393K [0x00000004c0000000, 0x0000000500080000, 0x00000006c0000000)
  object space 1049088K, 58% used [0x00000004c0000000,0x00000004e58f87f8,0x0000000500080000)
 Metaspace       used 12615K, capacity 13194K, committed 13440K, reserved 1060864K
  class space    used 1593K, capacity 1888K, committed 1920K, reserved 1048576K
}
Event: 13.525 GC heap before
{Heap before GC invocations=12 (full 3):
 PSYoungGen      total 500736K, used 468158K [0x00000006c0000000, 0x00000006ead00000, 0x00000007c0000000)
  eden space 331776K, 100% used [0x00000006c0000000,0x00000006d4400000,0x00000006d4400000)
  from space 168960K, 80% used [0x00000006e0800000,0x00000006e8d2f8d0,0x00000006ead00000)
  to   space 184832K, 0% used [0x00000006d4400000,0x00000006d4400000,0x00000006df880000)
 ParOldGen       total 1049088K, used 615393K [0x00000004c0000000, 0x0000000500080000, 0x00000006c0000000)
  object space 1049088K, 58% used [0x00000004c0000000,0x00000004e58f87f8,0x0000000500080000)
 Metaspace       used 12662K, capacity 13194K, committed 13440K, reserved 1060864K
  class space    used 1596K, capacity 1888K, committed 1920K, reserved 1048576K
Event: 14.126 GC heap after
Heap after GC invocations=12 (full 3):
 PSYoungGen      total 516608K, used 140192K [0x00000006c0000000, 0x00000006f2700000, 0x00000007c0000000)
  eden space 331776K, 0% used [0x00000006c0000000,0x00000006c0000000,0x00000006d4400000)
  from space 184832K, 75% used [0x00000006d4400000,0x00000006dcce80d8,0x00000006df880000)
  to   space 195584K, 0% used [0x00000006e6800000,0x00000006e6800000,0x00000006f2700000)
 ParOldGen       total 1049088K, used 682054K [0x00000004c0000000, 0x0000000500080000, 0x00000006c0000000)
  object space 1049088K, 65% used [0x00000004c0000000,0x00000004e9a11bc8,0x0000000500080000)
 Metaspace       used 12662K, capacity 13194K, committed 13440K, reserved 1060864K
  class space    used 1596K, capacity 1888K, committed 1920K, reserved 1048576K
}
Event: 15.237 GC heap before
{Heap before GC invocations=13 (full 3):
 PSYoungGen      total 516608K, used 471968K [0x00000006c0000000, 0x00000006f2700000, 0x00000007c0000000)
  eden space 331776K, 100% used [0x00000006c0000000,0x00000006d4400000,0x00000006d4400000)
  from space 184832K, 75% used [0x00000006d4400000,0x00000006dcce80d8,0x00000006df880000)
  to   space 195584K, 0% used [0x00000006e6800000,0x00000006e6800000,0x00000006f2700000)
 ParOldGen       total 1049088K, used 682054K [0x00000004c0000000, 0x0000000500080000, 0x00000006c0000000)
  object space 1049088K, 65% used [0x00000004c0000000,0x00000004e9a11bc8,0x0000000500080000)
 Metaspace       used 12662K, capacity 13194K, committed 13440K, reserved 1060864K
  class space    used 1596K, capacity 1888K, committed 1920K, reserved 1048576K
Event: 15.325 GC heap after
Heap after GC invocations=13 (full 3):
 PSYoungGen      total 620544K, used 140192K [0x00000006c0000000, 0x00000006f2a00000, 0x00000007c0000000)
  eden space 424960K, 0% used [0x00000006c0000000,0x00000006c0000000,0x00000006d9f00000)
  from space 195584K, 71% used [0x00000006e6800000,0x00000006ef0e80d8,0x00000006f2700000)
  to   space 202240K, 0% used [0x00000006d9f00000,0x00000006d9f00000,0x00000006e6480000)
 ParOldGen       total 1049088K, used 682054K [0x00000004c0000000, 0x0000000500080000, 0x00000006c0000000)
  object space 1049088K, 65% used [0x00000004c0000000,0x00000004e9a11bc8,0x0000000500080000)
 Metaspace       used 12662K, capacity 13194K, committed 13440K, reserved 1060864K
  class space    used 1596K, capacity 1888K, committed 1920K, reserved 1048576K
}
Event: 16.256 GC heap before
{Heap before GC invocations=14 (full 3):
 PSYoungGen      total 620544K, used 565152K [0x00000006c0000000, 0x00000006f2a00000, 0x00000007c0000000)
  eden space 424960K, 100% used [0x00000006c0000000,0x00000006d9f00000,0x00000006d9f00000)
  from space 195584K, 71% used [0x00000006e6800000,0x00000006ef0e80d8,0x00000006f2700000)
  to   space 202240K, 0% used [0x00000006d9f00000,0x00000006d9f00000,0x00000006e6480000)
 ParOldGen       total 1049088K, used 682054K [0x00000004c0000000, 0x0000000500080000, 0x00000006c0000000)
  object space 1049088K, 65% used [0x00000004c0000000,0x00000004e9a11bc8,0x0000000500080000)
 Metaspace       used 12662K, capacity 13194K, committed 13440K, reserved 1060864K
  class space    used 1596K, capacity 1888K, committed 1920K, reserved 1048576K
Event: 16.316 GC heap after
Heap after GC invocations=14 (full 3):
 PSYoungGen      total 627200K, used 140256K [0x00000006c0000000, 0x00000006f9c80000, 0x00000007c0000000)
  eden space 424960K, 0% used [0x00000006c0000000,0x00000006c0000000,0x00000006d9f00000)
  from space 202240K, 69% used [0x00000006d9f00000,0x00000006e27f80d8,0x00000006e6480000)
  to   space 207360K, 0% used [0x00000006ed200000,0x00000006ed200000,0x00000006f9c80000)
 ParOldGen       total 1049088K, used 682054K [0x00000004c0000000, 0x0000000500080000, 0x00000006c0000000)
  object space 1049088K, 65% used [0x00000004c0000000,0x00000004e9a11bc8,0x0000000500080000)
 Metaspace       used 12662K, capacity 13194K, committed 13440K, reserved 1060864K
  class space    used 1596K, capacity 1888K, committed 1920K, reserved 1048576K
}
Event: 16.689 GC heap before
{Heap before GC invocations=15 (full 3):
 PSYoungGen      total 627200K, used 565216K [0x00000006c0000000, 0x00000006f9c80000, 0x00000007c0000000)
  eden space 424960K, 100% used [0x00000006c0000000,0x00000006d9f00000,0x00000006d9f00000)
  from space 202240K, 69% used [0x00000006d9f00000,0x00000006e27f80d8,0x00000006e6480000)
  to   space 207360K, 0% used [0x00000006ed200000,0x00000006ed200000,0x00000006f9c80000)
 ParOldGen       total 1049088K, used 682054K [0x00000004c0000000, 0x0000000500080000, 0x00000006c0000000)
  object space 1049088K, 65% used [0x00000004c0000000,0x00000004e9a11bc8,0x0000000500080000)
 Metaspace       used 12662K, capacity 13194K, committed 13440K, reserved 1060864K
  class space    used 1596K, capacity 1888K, committed 1920K, reserved 1048576K
Event: 16.812 GC heap after
Heap after GC invocations=15 (full 3):
 PSYoungGen      total 735744K, used 140416K [0x00000006c0000000, 0x00000006fa980000, 0x00000007c0000000)
  eden space 528384K, 0% used [0x00000006c0000000,0x00000006c0000000,0x00000006e0400000)
  from space 207360K, 67% used [0x00000006ed200000,0x00000006f5b200d8,0x00000006f9c80000)
  to   space 210944K, 0% used [0x00000006e0400000,0x00000006e0400000,0x00000006ed200000)
 ParOldGen       total 1049088K, used 682054K [0x00000004c0000000, 0x0000000500080000, 0x00000006c0000000)
  object space 1049088K, 65% used [0x00000004c0000000,0x00000004e9a11bc8,0x0000000500080000)
 Metaspace       used 12662K, capacity 13194K, committed 13440K, reserved 1060864K
  class space    used 1596K, capacity 1888K, committed 1920K, reserved 1048576K
}

